Dec 16 18:24:24 symfony [err] {Doctrine_Record_UnknownPropertyException} Unknown record property / related component "by_username" on "Member"
Dec 16 18:25:32 symfony [err] {Doctrine_Record_UnknownPropertyException} Unknown record property / related component "by_username" on "Member"
Dec 16 18:26:28 symfony [err] {Doctrine_Record_UnknownPropertyException} Unknown record property / related component "by_username" on "Member"
Dec 16 18:27:22 symfony [err] {Doctrine_Record_UnknownPropertyException} Unknown record property / related component "by_username" on "Member"
Dec 16 21:48:23 symfony [err] {Doctrine_Export_Exception} SQLSTATE[HY000]: General error: 1005 Can't create table 'Piwam.#sql-c8f_3' (errno: 121). Failing Query: "ALTER TABLE piwam_due_type ADD CONSTRAINT piwam_due_type_updated_by_piwam_member_id FOREIGN KEY (updated_by) REFERENCES piwam_member(id) ON DELETE SET NULL". Failing Query: ALTER TABLE piwam_due_type ADD CONSTRAINT piwam_due_type_updated_by_piwam_member_id FOREIGN KEY (updated_by) REFERENCES piwam_member(id) ON DELETE SET NULL
Jan 11 16:25:40 symfony [err] {Doctrine_Export_Exception} SQLSTATE[HY000]: General error: 1005 Can't create table 'Piwam.#sql-ac8_5' (errno: 121). Failing Query: "ALTER TABLE piwam_due_type ADD CONSTRAINT piwam_due_type_updated_by_piwam_member_id FOREIGN KEY (updated_by) REFERENCES piwam_member(id) ON DELETE SET NULL". Failing Query: ALTER TABLE piwam_due_type ADD CONSTRAINT piwam_due_type_updated_by_piwam_member_id FOREIGN KEY (updated_by) REFERENCES piwam_member(id) ON DELETE SET NULL
Jan 18 18:50:06 symfony [err] {sfConfigurationException} The route "quotation" does not exist.
Jan 18 18:50:18 symfony [err] {sfConfigurationException} The route "quotation" does not exist.
Jan 18 18:52:05 symfony [err] {sfConfigurationException} The route "quotation" does not exist.
Jan 18 18:52:13 symfony [err] {sfConfigurationException} The route "quotation" does not exist.
Jan 18 18:52:34 symfony [err] {sfConfigurationException} The route "quotation" does not exist.
Jan 18 18:52:44 symfony [err] {sfConfigurationException} The route "quotation" does not exist.
Jan 18 19:04:25 symfony [err] {sfConfigurationException} The route "quotation" does not exist.
Feb 29 05:34:47 symfony [err] {Doctrine_Connection_Mysql_Exception} SQLSTATE[42S02]: Base table or view not found: 1146 Table 'Piwam.ks_w_c_event' doesn't exist. Failing Query: "SELECT k.id AS k__id, k.subject AS k__subject, k.description AS k__description, k.start_time AS k__start_time, k.end_time AS k__end_time, k.is_all_day_event AS k__is_all_day_event, k.color AS k__color, k.recurring_rule AS k__recurring_rule, k.people AS k__people FROM ks_w_c_event k"
Feb 29 05:42:46 symfony [err] {Doctrine_Record_UnknownPropertyException} Unknown record property / related component "object" on "KsWCEvent"
Feb 29 05:42:47 symfony [err] {Doctrine_Record_UnknownPropertyException} Unknown record property / related component "object" on "KsWCEvent"
Feb 29 05:42:47 symfony [err] {Doctrine_Record_UnknownPropertyException} Unknown record property / related component "object" on "KsWCEvent"
Feb 29 05:43:25 symfony [err] {Doctrine_Record_UnknownPropertyException} Unknown record property / related component "object" on "KsWCEvent"
Feb 29 05:43:43 symfony [err] {Doctrine_Record_UnknownPropertyException} Unknown record property / related component "object" on "KsWCEvent"
Feb 29 05:43:43 symfony [err] {Doctrine_Record_UnknownPropertyException} Unknown record property / related component "object" on "KsWCEvent"
Feb 29 05:43:44 symfony [err] {Doctrine_Record_UnknownPropertyException} Unknown record property / related component "object" on "KsWCEvent"
Feb 29 06:00:24 symfony [err] {Doctrine_Record_Exception} Couldn't call Doctrine_Core::set(), second argument should be an instance of Doctrine_Collection when setting one-to-many references.
Feb 29 06:00:25 symfony [err] {Doctrine_Record_Exception} Couldn't call Doctrine_Core::set(), second argument should be an instance of Doctrine_Collection when setting one-to-many references.
Feb 29 06:00:25 symfony [err] {Doctrine_Record_Exception} Couldn't call Doctrine_Core::set(), second argument should be an instance of Doctrine_Collection when setting one-to-many references.
Feb 29 06:00:25 symfony [err] {Doctrine_Record_Exception} Couldn't call Doctrine_Core::set(), second argument should be an instance of Doctrine_Collection when setting one-to-many references.
Feb 29 06:00:44 symfony [err] {Doctrine_Record_Exception} Couldn't call Doctrine_Core::set(), second argument should be an instance of Doctrine_Collection when setting one-to-many references.
Feb 29 06:00:44 symfony [err] {Doctrine_Record_Exception} Couldn't call Doctrine_Core::set(), second argument should be an instance of Doctrine_Collection when setting one-to-many references.
Feb 29 06:00:44 symfony [err] {Doctrine_Record_Exception} Couldn't call Doctrine_Core::set(), second argument should be an instance of Doctrine_Collection when setting one-to-many references.
Feb 29 06:01:01 symfony [err] {Doctrine_Record_Exception} Couldn't call Doctrine_Core::set(), second argument should be an instance of Doctrine_Collection when setting one-to-many references.
Feb 29 06:01:02 symfony [err] {Doctrine_Record_Exception} Couldn't call Doctrine_Core::set(), second argument should be an instance of Doctrine_Collection when setting one-to-many references.
Feb 29 06:04:21 symfony [err] {Doctrine_Record_Exception} Couldn't call Doctrine_Core::set(), second argument should be an instance of Doctrine_Collection when setting one-to-many references.
Feb 29 06:04:23 symfony [err] {Doctrine_Record_Exception} Couldn't call Doctrine_Core::set(), second argument should be an instance of Doctrine_Collection when setting one-to-many references.
Feb 29 06:04:23 symfony [err] {Doctrine_Record_Exception} Couldn't call Doctrine_Core::set(), second argument should be an instance of Doctrine_Collection when setting one-to-many references.
Feb 29 06:04:23 symfony [err] {Doctrine_Record_Exception} Couldn't call Doctrine_Core::set(), second argument should be an instance of Doctrine_Collection when setting one-to-many references.
Feb 29 06:04:24 symfony [err] {Doctrine_Record_Exception} Couldn't call Doctrine_Core::set(), second argument should be an instance of Doctrine_Collection when setting one-to-many references.
Feb 29 06:04:51 symfony [err] {Doctrine_Record_Exception} Couldn't call Doctrine_Core::set(), second argument should be an instance of Doctrine_Collection when setting one-to-many references.
Feb 29 06:05:46 symfony [err] {Doctrine_Record_Exception} Couldn't call Doctrine_Core::set(), second argument should be an instance of Doctrine_Collection when setting one-to-many references.
Feb 29 06:08:40 symfony [err] {Doctrine_Record_Exception} Couldn't call Doctrine_Core::set(), second argument should be an instance of Doctrine_Collection when setting one-to-many references.
Feb 29 06:08:40 symfony [err] {Doctrine_Record_Exception} Couldn't call Doctrine_Core::set(), second argument should be an instance of Doctrine_Collection when setting one-to-many references.
Feb 29 06:08:40 symfony [err] {Doctrine_Record_Exception} Couldn't call Doctrine_Core::set(), second argument should be an instance of Doctrine_Collection when setting one-to-many references.
Feb 29 06:09:12 symfony [err] {Doctrine_Record_Exception} Couldn't call Doctrine_Core::set(), second argument should be an instance of Doctrine_Collection when setting one-to-many references.
Feb 29 06:10:31 symfony [err] {Doctrine_Record_Exception} Couldn't call Doctrine_Core::set(), second argument should be an instance of Doctrine_Collection when setting one-to-many references.
Feb 29 06:10:32 symfony [err] {Doctrine_Record_Exception} Couldn't call Doctrine_Core::set(), second argument should be an instance of Doctrine_Collection when setting one-to-many references.
Feb 29 06:10:32 symfony [err] {Doctrine_Record_Exception} Couldn't call Doctrine_Core::set(), second argument should be an instance of Doctrine_Collection when setting one-to-many references.
Feb 29 06:10:32 symfony [err] {Doctrine_Record_Exception} Couldn't call Doctrine_Core::set(), second argument should be an instance of Doctrine_Collection when setting one-to-many references.
Feb 29 06:11:11 symfony [err] {Doctrine_Record_Exception} Couldn't call Doctrine_Core::set(), second argument should be an instance of Doctrine_Collection when setting one-to-many references.
Feb 29 06:11:46 symfony [err] {Doctrine_Record_Exception} Couldn't call Doctrine_Core::set(), second argument should be an instance of Doctrine_Collection when setting one-to-many references.
Feb 29 06:12:23 symfony [err] {Doctrine_Record_Exception} Couldn't call Doctrine_Core::set(), second argument should be an instance of Doctrine_Collection when setting one-to-many references.
Feb 29 06:12:24 symfony [err] {Doctrine_Record_Exception} Couldn't call Doctrine_Core::set(), second argument should be an instance of Doctrine_Collection when setting one-to-many references.
Feb 29 06:12:24 symfony [err] {Doctrine_Record_Exception} Couldn't call Doctrine_Core::set(), second argument should be an instance of Doctrine_Collection when setting one-to-many references.
Feb 29 06:12:24 symfony [err] {Doctrine_Record_Exception} Couldn't call Doctrine_Core::set(), second argument should be an instance of Doctrine_Collection when setting one-to-many references.
Feb 29 06:13:40 symfony [err] {Doctrine_Record_Exception} Couldn't call Doctrine_Core::set(), second argument should be an instance of Doctrine_Collection when setting one-to-many references.
Feb 29 06:13:40 symfony [err] {Doctrine_Record_Exception} Couldn't call Doctrine_Core::set(), second argument should be an instance of Doctrine_Collection when setting one-to-many references.
Feb 29 06:13:40 symfony [err] {Doctrine_Record_Exception} Couldn't call Doctrine_Core::set(), second argument should be an instance of Doctrine_Collection when setting one-to-many references.
Feb 29 06:13:40 symfony [err] {Doctrine_Record_Exception} Couldn't call Doctrine_Core::set(), second argument should be an instance of Doctrine_Collection when setting one-to-many references.
Feb 29 06:13:41 symfony [err] {Doctrine_Record_Exception} Couldn't call Doctrine_Core::set(), second argument should be an instance of Doctrine_Collection when setting one-to-many references.
Feb 29 06:14:41 symfony [err] {Doctrine_Record_Exception} Couldn't call Doctrine_Core::set(), second argument should be an instance of Doctrine_Collection when setting one-to-many references.
Feb 29 06:14:41 symfony [err] {Doctrine_Record_Exception} Couldn't call Doctrine_Core::set(), second argument should be an instance of Doctrine_Collection when setting one-to-many references.
Feb 29 06:14:41 symfony [err] {Doctrine_Record_Exception} Couldn't call Doctrine_Core::set(), second argument should be an instance of Doctrine_Collection when setting one-to-many references.
Feb 29 06:14:41 symfony [err] {Doctrine_Record_Exception} Couldn't call Doctrine_Core::set(), second argument should be an instance of Doctrine_Collection when setting one-to-many references.
Feb 29 06:14:42 symfony [err] {Doctrine_Record_Exception} Couldn't call Doctrine_Core::set(), second argument should be an instance of Doctrine_Collection when setting one-to-many references.
Feb 29 06:15:38 symfony [err] {Doctrine_Record_Exception} Couldn't call Doctrine_Core::set(), second argument should be an instance of Doctrine_Collection when setting one-to-many references.
Feb 29 06:16:45 symfony [err] {Doctrine_Record_Exception} Couldn't call Doctrine_Core::set(), second argument should be an instance of Doctrine_Collection when setting one-to-many references.
Feb 29 06:16:45 symfony [err] {Doctrine_Record_Exception} Couldn't call Doctrine_Core::set(), second argument should be an instance of Doctrine_Collection when setting one-to-many references.
Feb 29 06:16:46 symfony [err] {Doctrine_Record_Exception} Couldn't call Doctrine_Core::set(), second argument should be an instance of Doctrine_Collection when setting one-to-many references.
Feb 29 06:16:46 symfony [err] {Doctrine_Record_Exception} Couldn't call Doctrine_Core::set(), second argument should be an instance of Doctrine_Collection when setting one-to-many references.
Feb 29 07:41:24 symfony [err] {sfException} Impossible to parse date "<pre>
Doctrine_Collection
data : Array(
    0 : Object(KsWCEvent)
    1 : Object(KsWCEvent)
    2 : Object(KsWCEvent)
    3 : Object(KsWCEvent)
)
</pre>" with format "yyyy-MM-dd HH:mm:ss".
Feb 29 08:07:43 symfony [err] {Doctrine_Connection_Mysql_Exception} SQLSTATE[42S22]: Column not found: 1054 Unknown column 'babar' in 'where clause'. Failing Query: "SELECT k.id AS k__id, k.subject AS k__subject FROM ks_w_c_event k WHERE (k.people = babar AND k.id = 0)"
Feb 29 08:08:12 symfony [err] {Doctrine_Connection_Mysql_Exception} SQLSTATE[42S22]: Column not found: 1054 Unknown column 'babar' in 'where clause'. Failing Query: "SELECT k.id AS k__id, k.subject AS k__subject FROM ks_w_c_event k WHERE (k.people = babar AND k.id = 0)"
Feb 29 09:04:50 symfony [err] {sfConfigurationException} The route "ksWdCalendar" does not exist.
Feb 29 09:23:58 symfony [err] {Doctrine_Connection_Mysql_Exception} SQLSTATE[42S02]: Base table or view not found: 1146 Table 'Piwam.piwam_account' doesn't exist
Mar 20 11:49:01 symfony [err] {Doctrine_Connection_Exception} PDO Connection Error: SQLSTATE[42000] [1049] Unknown database 'Piwam'
Mar 20 11:50:13 symfony [err] {Doctrine_Export_Exception} SQLSTATE[HY000]: General error: 1005 Can't create table 'Piwam.#sql-93d_a' (errno: 121). Failing Query: "ALTER TABLE piwam_member_extra_row ADD CONSTRAINT piwam_member_extra_row_association_id_piwam_association_id FOREIGN KEY (association_id) REFERENCES piwam_association(id) ON DELETE CASCADE". Failing Query: ALTER TABLE piwam_member_extra_row ADD CONSTRAINT piwam_member_extra_row_association_id_piwam_association_id FOREIGN KEY (association_id) REFERENCES piwam_association(id) ON DELETE CASCADE
Mar 20 14:18:13 symfony [err] {Doctrine_Record_UnknownPropertyException} Unknown record property / related component "logo" on "Association"
Mar 20 14:55:18 symfony [err] {Doctrine_Record_UnknownPropertyException} Unknown record property / related component "logo" on "Association"
Mar 20 15:50:41 symfony [err] {Doctrine_Record_UnknownPropertyException} Unknown record property / related component "logo" on "Association"
Mar 20 15:51:36 symfony [err] {Doctrine_Record_UnknownPropertyException} Unknown record property / related component "logo" on "Association"
Mar 20 15:55:48 symfony [err] {Doctrine_Record_UnknownPropertyException} Unknown record property / related component "logo" on "Association"
Mar 20 15:56:21 symfony [err] {sfRenderException} The template "updateSuccess.php" does not exist or is unreadable in "".
Mar 20 15:57:20 symfony [err] {Doctrine_Record_UnknownPropertyException} Unknown record property / related component "logo" on "Association"
Mar 20 15:59:33 symfony [err] {sfRenderException} The template "updateSuccess.php" does not exist or is unreadable in "".
Mar 20 16:05:51 symfony [err] {Doctrine_Record_UnknownPropertyException} Unknown record property / related component "logo" on "Association"
Mar 20 16:51:00 symfony [err] {Doctrine_Record_UnknownPropertyException} Unknown record property / related component "logo" on "Association"
Mar 20 17:13:14 symfony [err] {sfException} Call to undefined method sfPHPView::getRequestParameter.
Mar 20 17:26:50 symfony [err] {InvalidArgumentException} The name format must contain %s ("list" given)
Mar 20 18:18:47 symfony [err] {Doctrine_Record_UnknownPropertyException} Unknown record property / related component "logo" on "Association"
Mar 20 18:28:01 symfony [err] {Doctrine_Record_UnknownPropertyException} Unknown record property / related component "ville" on "Association"
Mar 20 18:28:17 symfony [err] {Doctrine_Record_UnknownPropertyException} Unknown record property / related component "ville" on "Association"
Mar 20 19:17:05 symfony [err] {InvalidArgumentException} Widget "adresse" does not exist.
Mar 20 19:17:30 symfony [err] {InvalidArgumentException} Widget "adresse" does not exist.
Mar 20 19:20:24 symfony [err] {InvalidArgumentException} Widget "adresse" does not exist.
Mar 20 19:21:28 symfony [err] {InvalidArgumentException} Widget "adresse" does not exist.
Mar 20 19:24:17 symfony [err] {InvalidArgumentException} Widget "code postal" does not exist.
Mar 20 19:24:32 symfony [err] {InvalidArgumentException} Widget "telephone" does not exist.
Mar 20 19:26:49 symfony [err] {InvalidArgumentException} Widget "telephone" does not exist.
Mar 20 19:26:54 symfony [err] {InvalidArgumentException} Widget "telephone" does not exist.
Mar 20 19:30:43 symfony [err] {InvalidArgumentException} Widget "telephone" does not exist.
Mar 20 19:31:52 symfony [err] {Doctrine_Connection_Mysql_Exception} SQLSTATE[42S22]: Column not found: 1054 Unknown column 'p.ville' in 'field list'. Failing Query: "SELECT p.id AS p__id, p.name AS p__name, p.ville AS p__ville, p.adress AS p__adress, p.code_postal AS p__code_postal, p.mail AS p__mail, p.telephone AS p__telephone, p.description AS p__description, p.website AS p__website, p.created_by AS p__created_by, p.updated_by AS p__updated_by, p.created_at AS p__created_at, p.updated_at AS p__updated_at FROM piwam_association p LIMIT 1"
Mar 20 19:32:01 symfony [err] {Doctrine_Connection_Mysql_Exception} SQLSTATE[42S22]: Column not found: 1054 Unknown column 'p.ville' in 'field list'. Failing Query: "SELECT p.id AS p__id, p.name AS p__name, p.ville AS p__ville, p.adress AS p__adress, p.code_postal AS p__code_postal, p.mail AS p__mail, p.telephone AS p__telephone, p.description AS p__description, p.website AS p__website, p.created_by AS p__created_by, p.updated_by AS p__updated_by, p.created_at AS p__created_at, p.updated_at AS p__updated_at FROM piwam_association p LIMIT 1"
Mar 20 19:33:16 symfony [err] {Doctrine_Connection_Mysql_Exception} SQLSTATE[42S22]: Column not found: 1054 Unknown column 'p.ville' in 'field list'. Failing Query: "SELECT p.id AS p__id, p.name AS p__name, p.ville AS p__ville, p.adress AS p__adress, p.code_postal AS p__code_postal, p.mail AS p__mail, p.tel AS p__tel, p.description AS p__description, p.website AS p__website, p.created_by AS p__created_by, p.updated_by AS p__updated_by, p.created_at AS p__created_at, p.updated_at AS p__updated_at FROM piwam_association p LIMIT 1"
Mar 20 19:33:28 symfony [err] {Doctrine_Connection_Mysql_Exception} SQLSTATE[42S22]: Column not found: 1054 Unknown column 'p.ville' in 'field list'. Failing Query: "SELECT p.id AS p__id, p.name AS p__name, p.ville AS p__ville, p.adress AS p__adress, p.code_postal AS p__code_postal, p.mail AS p__mail, p.tel AS p__tel, p.description AS p__description, p.website AS p__website, p.created_by AS p__created_by, p.updated_by AS p__updated_by, p.created_at AS p__created_at, p.updated_at AS p__updated_at FROM piwam_association p LIMIT 1"
Mar 20 19:33:29 symfony [err] {Doctrine_Connection_Mysql_Exception} SQLSTATE[42S22]: Column not found: 1054 Unknown column 'p.ville' in 'field list'. Failing Query: "SELECT p.id AS p__id, p.name AS p__name, p.ville AS p__ville, p.adress AS p__adress, p.code_postal AS p__code_postal, p.mail AS p__mail, p.tel AS p__tel, p.description AS p__description, p.website AS p__website, p.created_by AS p__created_by, p.updated_by AS p__updated_by, p.created_at AS p__created_at, p.updated_at AS p__updated_at FROM piwam_association p LIMIT 1"
Mar 20 19:33:31 symfony [err] {Doctrine_Connection_Mysql_Exception} SQLSTATE[42S22]: Column not found: 1054 Unknown column 'p.ville' in 'field list'. Failing Query: "SELECT p.id AS p__id, p.name AS p__name, p.ville AS p__ville, p.adress AS p__adress, p.code_postal AS p__code_postal, p.mail AS p__mail, p.tel AS p__tel, p.description AS p__description, p.website AS p__website, p.created_by AS p__created_by, p.updated_by AS p__updated_by, p.created_at AS p__created_at, p.updated_at AS p__updated_at FROM piwam_association p LIMIT 1"
Mar 20 19:34:08 symfony [err] {Doctrine_Connection_Mysql_Exception} SQLSTATE[42S22]: Column not found: 1054 Unknown column 'p.ville' in 'field list'. Failing Query: "SELECT p.id AS p__id, p.name AS p__name, p.ville AS p__ville, p.adress AS p__adress, p.code_postal AS p__code_postal, p.mail AS p__mail, p.tel AS p__tel, p.description AS p__description, p.website AS p__website, p.created_by AS p__created_by, p.updated_by AS p__updated_by, p.created_at AS p__created_at, p.updated_at AS p__updated_at FROM piwam_association p LIMIT 1"
Mar 20 19:34:20 symfony [err] {Doctrine_Connection_Mysql_Exception} SQLSTATE[42S22]: Column not found: 1054 Unknown column 'p.ville' in 'field list'. Failing Query: "SELECT p.id AS p__id, p.name AS p__name, p.ville AS p__ville, p.adress AS p__adress, p.code_postal AS p__code_postal, p.mail AS p__mail, p.tel AS p__tel, p.description AS p__description, p.website AS p__website, p.created_by AS p__created_by, p.updated_by AS p__updated_by, p.created_at AS p__created_at, p.updated_at AS p__updated_at FROM piwam_association p LIMIT 1"
Mar 20 19:34:23 symfony [err] {Doctrine_Connection_Mysql_Exception} SQLSTATE[42S22]: Column not found: 1054 Unknown column 'p.ville' in 'field list'. Failing Query: "SELECT p.id AS p__id, p.name AS p__name, p.ville AS p__ville, p.adress AS p__adress, p.code_postal AS p__code_postal, p.mail AS p__mail, p.tel AS p__tel, p.description AS p__description, p.website AS p__website, p.created_by AS p__created_by, p.updated_by AS p__updated_by, p.created_at AS p__created_at, p.updated_at AS p__updated_at FROM piwam_association p LIMIT 1"
Mar 20 19:34:25 symfony [err] {Doctrine_Connection_Mysql_Exception} SQLSTATE[42S22]: Column not found: 1054 Unknown column 'p.ville' in 'field list'. Failing Query: "SELECT p.id AS p__id, p.name AS p__name, p.ville AS p__ville, p.adress AS p__adress, p.code_postal AS p__code_postal, p.mail AS p__mail, p.tel AS p__tel, p.description AS p__description, p.website AS p__website, p.created_by AS p__created_by, p.updated_by AS p__updated_by, p.created_at AS p__created_at, p.updated_at AS p__updated_at FROM piwam_association p LIMIT 1"
Mar 20 19:34:28 symfony [err] {Doctrine_Connection_Mysql_Exception} SQLSTATE[42S22]: Column not found: 1054 Unknown column 'p.ville' in 'field list'. Failing Query: "SELECT p.id AS p__id, p.name AS p__name, p.ville AS p__ville, p.adress AS p__adress, p.code_postal AS p__code_postal, p.mail AS p__mail, p.tel AS p__tel, p.description AS p__description, p.website AS p__website, p.created_by AS p__created_by, p.updated_by AS p__updated_by, p.created_at AS p__created_at, p.updated_at AS p__updated_at FROM piwam_association p LIMIT 1"
Mar 20 19:37:38 symfony [err] {Doctrine_Connection_Mysql_Exception} SQLSTATE[42S22]: Column not found: 1054 Unknown column 'p.ville' in 'field list'. Failing Query: "SELECT p.id AS p__id, p.name AS p__name, p.ville AS p__ville, p.adress AS p__adress, p.code_postal AS p__code_postal, p.mail AS p__mail, p.tel AS p__tel, p.description AS p__description, p.website AS p__website, p.created_by AS p__created_by, p.updated_by AS p__updated_by, p.created_at AS p__created_at, p.updated_at AS p__updated_at FROM piwam_association p LIMIT 1"
Mar 20 19:37:43 symfony [err] {Doctrine_Connection_Mysql_Exception} SQLSTATE[42S22]: Column not found: 1054 Unknown column 'p.ville' in 'field list'. Failing Query: "SELECT p.id AS p__id, p.name AS p__name, p.ville AS p__ville, p.adress AS p__adress, p.code_postal AS p__code_postal, p.mail AS p__mail, p.tel AS p__tel, p.description AS p__description, p.website AS p__website, p.created_by AS p__created_by, p.updated_by AS p__updated_by, p.created_at AS p__created_at, p.updated_at AS p__updated_at FROM piwam_association p LIMIT 1"
Mar 20 19:37:45 symfony [err] {Doctrine_Connection_Mysql_Exception} SQLSTATE[42S22]: Column not found: 1054 Unknown column 'p.ville' in 'field list'. Failing Query: "SELECT p.id AS p__id, p.name AS p__name, p.ville AS p__ville, p.adress AS p__adress, p.code_postal AS p__code_postal, p.mail AS p__mail, p.tel AS p__tel, p.description AS p__description, p.website AS p__website, p.created_by AS p__created_by, p.updated_by AS p__updated_by, p.created_at AS p__created_at, p.updated_at AS p__updated_at FROM piwam_association p LIMIT 1"
Mar 20 19:37:48 symfony [err] {Doctrine_Connection_Mysql_Exception} SQLSTATE[42S22]: Column not found: 1054 Unknown column 'p.ville' in 'field list'. Failing Query: "SELECT p.id AS p__id, p.name AS p__name, p.ville AS p__ville, p.adress AS p__adress, p.code_postal AS p__code_postal, p.mail AS p__mail, p.tel AS p__tel, p.description AS p__description, p.website AS p__website, p.created_by AS p__created_by, p.updated_by AS p__updated_by, p.created_at AS p__created_at, p.updated_at AS p__updated_at FROM piwam_association p LIMIT 1"
Mar 20 19:39:23 symfony [err] {Doctrine_Connection_Mysql_Exception} SQLSTATE[42S22]: Column not found: 1054 Unknown column 'p.ville' in 'field list'. Failing Query: "SELECT p.id AS p__id, p.name AS p__name, p.ville AS p__ville, p.adress AS p__adress, p.code_postal AS p__code_postal, p.mail AS p__mail, p.tel AS p__tel, p.description AS p__description, p.website AS p__website, p.created_by AS p__created_by, p.updated_by AS p__updated_by, p.created_at AS p__created_at, p.updated_at AS p__updated_at FROM piwam_association p LIMIT 1"
Mar 20 19:39:26 symfony [err] {Doctrine_Connection_Mysql_Exception} SQLSTATE[42S22]: Column not found: 1054 Unknown column 'p.ville' in 'field list'. Failing Query: "SELECT p.id AS p__id, p.name AS p__name, p.ville AS p__ville, p.adress AS p__adress, p.code_postal AS p__code_postal, p.mail AS p__mail, p.tel AS p__tel, p.description AS p__description, p.website AS p__website, p.created_by AS p__created_by, p.updated_by AS p__updated_by, p.created_at AS p__created_at, p.updated_at AS p__updated_at FROM piwam_association p LIMIT 1"
Mar 20 19:40:12 symfony [err] {InvalidArgumentException} Widget "telephone" does not exist.
Mar 20 19:41:25 symfony [err] {InvalidArgumentException} Widget "logo" does not exist.
Mar 20 19:41:27 symfony [err] {InvalidArgumentException} Widget "logo" does not exist.
Mar 20 19:42:14 symfony [err] {InvalidArgumentException} Widget "logo" does not exist.
Mar 21 19:03:40 symfony [err] {Doctrine_Connection_Exception} PDO Connection Error: SQLSTATE[28000] [1045] Access denied for user 'root'@'localhost' (using password: YES)
Mar 22 22:56:27 symfony [err] {Doctrine_Connection_Mysql_Exception} SQLSTATE[42S22]: Column not found: 1054 Unknown column 'p.ville' in 'field list'. Failing Query: "SELECT p.id AS p__id, p.name AS p__name, p.ville AS p__ville, p.adress AS p__adress, p.code_postal AS p__code_postal, p.mail AS p__mail, p.tel AS p__tel, p.description AS p__description, p.website AS p__website, p.created_by AS p__created_by, p.updated_by AS p__updated_by, p.created_at AS p__created_at, p.updated_at AS p__updated_at FROM piwam_association p LIMIT 1"
Mar 23 14:36:52 symfony [err] {Doctrine_Record_UnknownPropertyException} Unknown record property / related component "adresse" on "Association"
Mar 23 14:39:28 symfony [err] {Doctrine_Record_UnknownPropertyException} Unknown record property / related component "codepostal" on "Association"
Mar 24 11:48:33 symfony [err] {InvalidArgumentException} Unable to load "Helper.php" helper in: SF_ROOT_DIR/apps/front/modules/listAct/lib/helper, SF_ROOT_DIR/apps/front/lib/helper, SF_ROOT_DIR/lib/helper, SF_ROOT_DIR/lib/vendor/symfony/1.3/lib/plugins/sfDoctrinePlugin/lib/helper, SF_ROOT_DIR/plugins/sfJqueryReloadedPlugin/lib/helper, SF_ROOT_DIR/lib/vendor/symfony/1.3/lib/helper, ., /usr/share/php, /usr/share/pear.
Mar 24 11:49:27 symfony [err] {InvalidArgumentException} Unable to load "listActHelper.php" helper in: SF_ROOT_DIR/apps/front/modules/listAct/lib/helper, SF_ROOT_DIR/apps/front/lib/helper, SF_ROOT_DIR/lib/helper, SF_ROOT_DIR/lib/vendor/symfony/1.3/lib/plugins/sfDoctrinePlugin/lib/helper, SF_ROOT_DIR/plugins/sfJqueryReloadedPlugin/lib/helper, SF_ROOT_DIR/lib/vendor/symfony/1.3/lib/helper, ., /usr/share/php, /usr/share/pear.
Mar 24 11:49:36 symfony [err] {InvalidArgumentException} Unable to load "listAct/testHelper.php" helper in: SF_ROOT_DIR/apps/front/modules/listAct/lib/helper, SF_ROOT_DIR/apps/front/lib/helper, SF_ROOT_DIR/lib/helper, SF_ROOT_DIR/lib/vendor/symfony/1.3/lib/plugins/sfDoctrinePlugin/lib/helper, SF_ROOT_DIR/plugins/sfJqueryReloadedPlugin/lib/helper, SF_ROOT_DIR/lib/vendor/symfony/1.3/lib/helper, ., /usr/share/php, /usr/share/pear.
Mar 24 12:13:22 symfony [err] {Doctrine_Query_Exception} Unknown column people
Mar 25 20:35:04 symfony [err] {InvalidArgumentException} The "/listAct/edit/:id" route has some missing mandatory parameters (:id).
Mar 25 20:36:23 symfony [err] {InvalidArgumentException} The "/listAct/edit/:id" route has some missing mandatory parameters (:id).
Mar 25 23:12:16 symfony [err] {InvalidArgumentException} The "/listAct/edit/:id" route has some missing mandatory parameters (:id).
Mar 25 23:20:46 symfony [err] {InvalidArgumentException} The "/listAct/edit/:id" route has some missing mandatory parameters (:id).
Mar 25 23:20:58 symfony [err] {InvalidArgumentException} The "/listAct/edit/:id" route has some missing mandatory parameters (:id).
Mar 25 23:22:43 symfony [err] {InvalidArgumentException} The "/listAct/edit/:id" route has some missing mandatory parameters (:id).
Mar 25 23:22:54 symfony [err] {InvalidArgumentException} The "/listAct/edit/:id" route has some missing mandatory parameters (:id).
Mar 25 23:23:00 symfony [err] {InvalidArgumentException} The "/listAct/edit/:id" route has some missing mandatory parameters (:id).
Mar 25 23:23:01 symfony [err] {InvalidArgumentException} The "/listAct/edit/:id" route has some missing mandatory parameters (:id).
Mar 25 23:24:19 symfony [err] {sfParseException} Unable to parse query string "3".
Mar 25 23:25:23 symfony [err] {sfConfigurationException} The route "listAct_show" does not exist.
Mar 25 23:25:30 symfony [err] {InvalidArgumentException} The "/listAct/edit/:id" route has some missing mandatory parameters (:id).
Mar 26 01:11:11 symfony [err] {Doctrine_Export_Exception} SQLSTATE[HY000]: General error: 1005 Can't create table 'Piwam.#sql-390_af' (errno: 121). Failing Query: "ALTER TABLE piwam_due_type ADD CONSTRAINT piwam_due_type_updated_by_piwam_member_id FOREIGN KEY (updated_by) REFERENCES piwam_member(id) ON DELETE SET NULL". Failing Query: ALTER TABLE piwam_due_type ADD CONSTRAINT piwam_due_type_updated_by_piwam_member_id FOREIGN KEY (updated_by) REFERENCES piwam_member(id) ON DELETE SET NULL
Mar 26 01:30:44 symfony [err] {Doctrine_Connection_Mysql_Exception} SQLSTATE[42S02]: Base table or view not found: 1146 Table 'Piwam.ks_w_c_event' doesn't exist. Failing Query: "SELECT k.id AS k__id, k.subject AS k__subject FROM ks_w_c_event k"
Mar 26 02:35:24 symfony [err] {Doctrine_Record_UnknownPropertyException} Unknown record property / related component "faegfirstname" on "Member"
Mar 26 02:51:52 symfony [err] {Doctrine_Connection_Mysql_Exception} SQLSTATE[42S22]: Column not found: 1054 Unknown column 'k.name' in 'field list'. Failing Query: "SELECT k.id AS k__id, k.name AS k__name FROM ks_w_c_event k WHERE (k.id  )"
